TN:
SF:./app.module.js
FN:1,(anonymous_1)
FNF:1
FNH:1
FNDA:1,(anonymous_1)
DA:1,1
DA:4,1
LF:2
LH:2
BRF:0
BRH:0
end_of_record
TN:
SF:./core/app.core.module.js
FN:1,(anonymous_1)
FNF:1
FNH:1
FNDA:1,(anonymous_1)
DA:1,1
DA:3,1
LF:2
LH:2
BRF:0
BRH:0
end_of_record
TN:
SF:./core/logger/core.logger.module.js
FN:1,(anonymous_1)
FNF:1
FNH:1
FNDA:1,(anonymous_1)
DA:1,1
DA:4,1
LF:2
LH:2
BRF:0
BRH:0
end_of_record
TN:
SF:./dashboard/dashboard.module.js
FN:1,(anonymous_1)
FNF:1
FNH:1
FNDA:1,(anonymous_1)
DA:1,1
DA:3,1
LF:2
LH:2
BRF:0
BRH:0
end_of_record
TN:
SF:./app.config.js
FN:1,(anonymous_1)
FN:6,(anonymous_2)
FN:16,Run
FNF:3
FNH:3
FNDA:1,(anonymous_1)
FNDA:6,(anonymous_2)
FNDA:6,Run
DA:1,1
DA:4,1
DA:6,1
DA:7,6
DA:16,1
DA:17,6
DA:18,6
LF:7
LH:7
BRF:0
BRH:0
end_of_record
TN:
SF:./core/auth/AuthCtrl.js
FN:1,(anonymous_1)
FN:5,(anonymous_2)
FN:12,(anonymous_3)
FN:21,(anonymous_4)
FN:30,(anonymous_5)
FN:32,(anonymous_6)
FNF:6
FNH:2
FNDA:1,(anonymous_1)
FNDA:2,(anonymous_2)
FNDA:0,(anonymous_3)
FNDA:0,(anonymous_4)
FNDA:0,(anonymous_5)
FNDA:0,(anonymous_6)
DA:1,1
DA:4,1
DA:5,1
DA:7,2
DA:8,2
DA:9,2
DA:10,2
DA:12,2
DA:13,0
DA:21,2
DA:22,0
DA:30,2
DA:31,0
DA:33,0
DA:34,0
LF:15
LH:10
BRF:0
BRH:0
end_of_record
TN:
SF:./core/auth/IdentityService.js
FN:1,(anonymous_1)
FN:6,(anonymous_2)
FN:11,(anonymous_3)
FN:21,getCurrentUser
FN:28,(anonymous_5)
FN:35,(anonymous_6)
FN:45,updateCurrentUser
FN:51,logoutCurrentUser
FN:55,isAuthenticated
FN:59,isAdmin
FNF:10
FNH:3
FNDA:1,(anonymous_1)
FNDA:6,(anonymous_2)
FNDA:0,(anonymous_3)
FNDA:0,getCurrentUser
FNDA:0,(anonymous_5)
FNDA:0,(anonymous_6)
FNDA:0,updateCurrentUser
FNDA:0,logoutCurrentUser
FNDA:9,isAuthenticated
FNDA:0,isAdmin
DA:1,1
DA:4,1
DA:6,1
DA:7,6
DA:10,6
DA:12,0
DA:21,1
DA:22,0
DA:24,0
DA:25,0
DA:27,0
DA:29,0
DA:30,0
DA:31,0
DA:32,0
DA:33,0
DA:36,0
DA:37,0
DA:38,0
DA:39,0
DA:42,0
DA:45,1
DA:46,0
DA:47,0
DA:51,1
DA:52,0
DA:55,1
DA:56,9
DA:59,1
DA:60,0
DA:61,0
DA:63,0
LF:32
LH:11
BRDA:24,1,0,0
BRDA:24,1,1,0
BRDA:24,2,0,0
BRDA:24,2,1,0
BRDA:46,3,0,0
BRDA:46,3,1,0
BRDA:60,4,0,0
BRDA:60,4,1,0
BRDA:61,5,0,0
BRDA:61,5,1,0
BRF:10
BRH:0
end_of_record
TN:
SF:./core/auth/LoginCtrl.js
FN:1,(anonymous_1)
FN:5,(anonymous_2)
FN:7,(anonymous_3)
FN:9,(anonymous_4)
FN:20,(anonymous_5)
FN:30,(anonymous_6)
FN:32,(anonymous_7)
FN:43,(anonymous_8)
FNF:8
FNH:1
FNDA:1,(anonymous_1)
FNDA:0,(anonymous_2)
FNDA:0,(anonymous_3)
FNDA:0,(anonymous_4)
FNDA:0,(anonymous_5)
FNDA:0,(anonymous_6)
FNDA:0,(anonymous_7)
FNDA:0,(anonymous_8)
DA:1,1
DA:4,1
DA:6,0
DA:7,0
DA:8,0
DA:10,0
DA:11,0
DA:12,0
DA:21,0
DA:30,0
DA:31,0
DA:33,0
DA:34,0
DA:35,0
DA:44,0
LF:15
LH:2
BRF:0
BRH:0
end_of_record
TN:
SF:./core/auth/LogoutCtrl.js
FN:1,(anonymous_1)
FN:5,(anonymous_2)
FN:8,(anonymous_3)
FNF:3
FNH:1
FNDA:1,(anonymous_1)
FNDA:0,(anonymous_2)
FNDA:0,(anonymous_3)
DA:1,1
DA:4,1
DA:6,0
DA:7,0
DA:9,0
DA:10,0
LF:6
LH:2
BRF:0
BRH:0
end_of_record
TN:
SF:./core/auth/SignupCtrl.js
FN:1,(anonymous_1)
FN:5,(anonymous_2)
FN:6,(anonymous_3)
FNF:3
FNH:1
FNDA:1,(anonymous_1)
FNDA:0,(anonymous_2)
FNDA:0,(anonymous_3)
DA:1,1
DA:4,1
DA:6,0
DA:7,0
DA:12,0
LF:5
LH:2
BRF:0
BRH:0
end_of_record
TN:
SF:./core/auth/lvAuthWidget.js
FN:1,(anonymous_1)
FN:7,lvAuthWidget
FNF:2
FNH:2
FNDA:1,(anonymous_1)
FNDA:1,lvAuthWidget
DA:1,1
DA:4,1
DA:5,1
DA:7,1
DA:8,1
LF:5
LH:5
BRF:0
BRH:0
end_of_record
TN:
SF:./core/auth/passwordStrength.js
FN:1,(anonymous_1)
FN:5,(anonymous_2)
FN:9,(anonymous_3)
FN:19,(anonymous_4)
FN:20,(anonymous_5)
FN:25,(anonymous_6)
FN:29,(anonymous_7)
FN:33,(anonymous_8)
FNF:8
FNH:1
FNDA:1,(anonymous_1)
FNDA:0,(anonymous_2)
FNDA:0,(anonymous_3)
FNDA:0,(anonymous_4)
FNDA:0,(anonymous_5)
FNDA:0,(anonymous_6)
FNDA:0,(anonymous_7)
FNDA:0,(anonymous_8)
DA:1,1
DA:4,1
DA:6,0
DA:10,0
DA:11,0
DA:12,0
DA:13,0
DA:14,0
DA:15,0
DA:17,0
DA:19,0
DA:20,0
DA:21,0
DA:23,0
DA:24,0
DA:25,0
DA:26,0
DA:28,0
DA:29,0
DA:30,0
DA:32,0
DA:33,0
DA:34,0
DA:37,0
LF:24
LH:2
BRDA:23,1,0,0
BRDA:23,1,1,0
BRDA:24,2,0,0
BRDA:24,2,1,0
BRDA:28,3,0,0
BRDA:28,3,1,0
BRDA:32,4,0,0
BRDA:32,4,1,0
BRF:8
BRH:0
end_of_record
TN:
SF:./core/auth/spec/lvAuthWidget.spec.js
FN:1,(anonymous_1)
FN:4,(anonymous_2)
FN:38,(anonymous_3)
FN:47,(anonymous_4)
FN:59,(anonymous_5)
FN:60,(anonymous_6)
FN:62,(anonymous_7)
FN:69,(anonymous_8)
FNF:8
FNH:7
FNDA:1,(anonymous_1)
FNDA:1,(anonymous_2)
FNDA:1,(anonymous_3)
FNDA:1,(anonymous_4)
FNDA:1,(anonymous_5)
FNDA:1,(anonymous_6)
FNDA:0,(anonymous_7)
FNDA:1,(anonymous_8)
DA:1,1
DA:4,1
DA:5,1
DA:7,1
DA:12,1
DA:13,1
DA:14,1
DA:38,1
DA:39,1
DA:40,1
DA:41,1
DA:42,1
DA:43,1
DA:44,1
DA:47,1
DA:48,1
DA:49,1
DA:59,1
DA:60,1
DA:62,1
DA:63,1
DA:65,1
DA:66,1
DA:67,1
DA:69,1
DA:73,1
LF:26
LH:26
BRF:0
BRH:0
end_of_record
TN:
SF:./core/auth/spec/lvUserService.spec.js
FN:1,(anonymous_1)
FN:4,(anonymous_2)
FN:7,(anonymous_3)
FN:20,(anonymous_4)
FNF:4
FNH:4
FNDA:1,(anonymous_1)
FNDA:1,(anonymous_2)
FNDA:1,(anonymous_3)
FNDA:1,(anonymous_4)
DA:1,1
DA:4,1
DA:5,1
DA:7,1
DA:20,1
DA:21,1
DA:22,1
LF:7
LH:7
BRF:0
BRH:0
end_of_record
TN:
SF:./core/common.js
FN:2,(anonymous_1)
FN:9,common
FN:22,$broadcast
FN:26,textContains
FNF:4
FNH:1
FNDA:1,(anonymous_1)
FNDA:0,common
FNDA:0,$broadcast
FNDA:0,textContains
DA:2,1
DA:4,1
DA:6,1
DA:9,1
DA:11,0
DA:19,0
DA:22,1
DA:23,0
DA:26,1
DA:27,0
LF:10
LH:6
BRDA:27,1,0,0
BRDA:27,1,1,0
BRF:2
BRH:0
end_of_record
TN:
SF:./core/config.js
FN:1,(anonymous_1)
FN:14,(anonymous_2)
FN:74,Run
FNF:3
FNH:3
FNDA:1,(anonymous_1)
FNDA:6,(anonymous_2)
FNDA:6,Run
DA:1,1
DA:4,1
DA:6,1
DA:14,1
DA:16,6
DA:17,6
DA:18,6
DA:45,6
DA:49,6
DA:53,6
DA:57,6
DA:61,6
DA:65,6
DA:74,1
DA:75,6
DA:76,0
DA:77,0
DA:79,6
LF:18
LH:16
BRDA:75,1,0,0
BRDA:75,1,1,6
BRF:2
BRH:1
end_of_record
TN:
SF:./core/effects/escFocus.js
FN:1,(anonymous_1)
FN:6,escFocus
FN:9,(anonymous_3)
FN:10,(anonymous_4)
FNF:4
FNH:1
FNDA:1,(anonymous_1)
FNDA:0,escFocus
FNDA:0,(anonymous_3)
FNDA:0,(anonymous_4)
DA:1,1
DA:4,1
DA:6,1
DA:7,0
DA:10,0
DA:12,0
DA:13,0
DA:14,0
LF:8
LH:3
BRDA:12,1,0,0
BRDA:12,1,1,0
BRDA:13,2,0,0
BRDA:13,2,1,0
BRF:4
BRH:0
end_of_record
TN:
SF:./core/logger/logger.js
FN:1,(anonymous_1)
FN:9,logger
FN:30,logAndNotify
FN:47,error
FN:51,info
FN:55,warn
FN:59,success
FNF:7
FNH:2
FNDA:1,(anonymous_1)
FNDA:1,logger
FNDA:0,logAndNotify
FNDA:0,error
FNDA:0,info
FNDA:0,warn
FNDA:0,success
DA:1,1
DA:4,1
DA:6,1
DA:9,1
DA:11,1
DA:19,1
DA:30,1
DA:31,0
DA:33,0
DA:34,0
DA:35,0
DA:43,0
DA:44,0
DA:47,1
DA:48,0
DA:51,1
DA:52,0
DA:55,1
DA:56,0
DA:59,1
DA:60,0
LF:21
LH:11
BRDA:33,1,0,0
BRDA:33,1,1,0
BRF:2
BRH:0
end_of_record
TN:
SF:./core/nav/cuNavbar.js
FN:1,(anonymous_1)
FN:4,cuNavbar
FN:15,NavCtrl
FN:25,activate
FN:26,(anonymous_5)
FNF:5
FNH:1
FNDA:1,(anonymous_1)
FNDA:0,cuNavbar
FNDA:0,NavCtrl
FNDA:0,activate
FNDA:0,(anonymous_5)
DA:1,1
DA:4,1
DA:6,0
DA:13,0
DA:15,1
DA:16,0
DA:18,0
DA:19,0
DA:20,0
DA:21,0
DA:23,0
DA:25,1
DA:26,0
DA:27,0
DA:33,0
DA:36,1
LF:16
LH:5
BRF:0
BRH:0
end_of_record
TN:
SF:./core/nav/lvNavMenu.js
FN:1,(anonymous_1)
FN:4,lvNavMenu
FNF:2
FNH:1
FNDA:1,(anonymous_1)
FNDA:0,lvNavMenu
DA:1,1
DA:4,1
DA:5,0
DA:11,1
LF:4
LH:3
BRF:0
BRH:0
end_of_record
TN:
SF:./core/search/SearchCtrl.js
FN:1,(anonymous_1)
FN:5,(anonymous_2)
FN:7,(anonymous_3)
FN:10,(anonymous_4)
FN:14,(anonymous_5)
FN:18,(anonymous_6)
FNF:6
FNH:1
FNDA:1,(anonymous_1)
FNDA:0,(anonymous_2)
FNDA:0,(anonymous_3)
FNDA:0,(anonymous_4)
FNDA:0,(anonymous_5)
FNDA:0,(anonymous_6)
DA:1,1
DA:5,1
DA:6,0
DA:7,0
DA:10,0
DA:12,0
DA:14,0
DA:15,0
DA:16,0
DA:18,0
DA:19,0
DA:21,0
DA:22,0
DA:23,0
LF:14
LH:2
BRDA:21,1,0,0
BRDA:21,1,1,0
BRDA:21,2,0,0
BRDA:21,2,1,0
BRF:4
BRH:0
end_of_record
TN:
SF:./core/search/SearchService.js
FN:1,(anonymous_1)
FN:4,(anonymous_2)
FN:6,(anonymous_3)
FN:15,(anonymous_4)
FNF:4
FNH:1
FNDA:1,(anonymous_1)
FNDA:0,(anonymous_2)
FNDA:0,(anonymous_3)
FNDA:0,(anonymous_4)
DA:1,1
DA:4,1
DA:5,0
DA:7,0
DA:8,0
DA:10,0
DA:15,0
DA:17,0
DA:23,0
DA:24,0
DA:26,0
LF:11
LH:2
BRF:0
BRH:0
end_of_record
TN:
SF:./core/search/WebSuggestService.js
FN:1,(anonymous_1)
FN:5,(anonymous_2)
FN:7,(anonymous_3)
FN:20,(anonymous_4)
FNF:4
FNH:1
FNDA:1,(anonymous_1)
FNDA:0,(anonymous_2)
FNDA:0,(anonymous_3)
FNDA:0,(anonymous_4)
DA:1,1
DA:5,1
DA:6,0
DA:8,0
DA:9,0
DA:10,0
DA:11,0
DA:12,0
DA:20,0
DA:22,0
DA:23,0
DA:24,0
DA:25,0
DA:26,0
DA:27,0
DA:28,0
DA:29,0
DA:30,0
DA:37,0
DA:40,0
LF:20
LH:2
BRDA:28,1,0,0
BRDA:28,1,1,0
BRF:2
BRH:0
end_of_record
TN:
SF:./core/search/lvSearchBar.js
FN:1,(anonymous_1)
FN:4,lvSearchBar
FNF:2
FNH:1
FNDA:1,(anonymous_1)
FNDA:0,lvSearchBar
DA:1,1
DA:4,1
DA:5,0
DA:12,1
LF:4
LH:3
BRF:0
BRH:0
end_of_record
TN:
SF:./core/user/AccountService.js
FN:1,(anonymous_1)
FN:5,(anonymous_2)
FN:7,(anonymous_3)
FN:10,(anonymous_4)
FN:11,(anonymous_5)
FNF:5
FNH:1
FNDA:1,(anonymous_1)
FNDA:0,(anonymous_2)
FNDA:0,(anonymous_3)
FNDA:0,(anonymous_4)
FNDA:0,(anonymous_5)
DA:1,1
DA:4,1
DA:6,0
DA:8,0
DA:11,0
DA:12,0
LF:6
LH:2
BRF:0
BRH:0
end_of_record
TN:
SF:./core/user/ProfileCtrl.js
FN:1,(anonymous_1)
FN:5,(anonymous_2)
FN:13,(anonymous_3)
FN:16,(anonymous_4)
FN:30,(anonymous_5)
FN:34,(anonymous_6)
FN:48,(anonymous_7)
FN:50,(anonymous_8)
FN:58,(anonymous_9)
FN:71,(anonymous_10)
FN:73,(anonymous_11)
FN:82,(anonymous_12)
FNF:12
FNH:1
FNDA:1,(anonymous_1)
FNDA:0,(anonymous_2)
FNDA:0,(anonymous_3)
FNDA:0,(anonymous_4)
FNDA:0,(anonymous_5)
FNDA:0,(anonymous_6)
FNDA:0,(anonymous_7)
FNDA:0,(anonymous_8)
FNDA:0,(anonymous_9)
FNDA:0,(anonymous_10)
FNDA:0,(anonymous_11)
FNDA:0,(anonymous_12)
DA:1,1
DA:4,1
DA:12,0
DA:14,0
DA:17,0
DA:30,0
DA:31,0
DA:35,0
DA:48,0
DA:49,0
DA:71,0
DA:72,0
DA:74,0
DA:83,0
LF:14
LH:2
BRF:0
BRH:0
end_of_record
TN:
SF:./core/user/ProfileCtrl.spec.js
FNF:0
FNH:0
LF:0
LH:0
BRF:0
BRH:0
end_of_record
TN:
SF:./core/user/User.js
FN:1,(anonymous_1)
FN:6,(anonymous_2)
FN:8,User
FN:15,(anonymous_4)
FN:18,(anonymous_5)
FN:21,(anonymous_6)
FN:24,(anonymous_7)
FN:27,(anonymous_8)
FNF:8
FNH:6
FNDA:1,(anonymous_1)
FNDA:6,(anonymous_2)
FNDA:5,User
FNDA:5,(anonymous_4)
FNDA:0,(anonymous_5)
FNDA:0,(anonymous_6)
FNDA:1,(anonymous_7)
FNDA:1,(anonymous_8)
DA:1,1
DA:4,1
DA:6,1
DA:7,6
DA:8,1
DA:9,5
DA:10,5
DA:14,6
DA:16,5
DA:19,0
DA:22,0
DA:25,1
DA:28,1
DA:33,6
LF:14
LH:12
BRDA:9,1,0,5
BRDA:9,1,1,0
BRF:2
BRH:1
end_of_record
TN:
SF:./core/user/User.spec.js
FN:1,(anonymous_1)
FN:4,(anonymous_2)
FN:9,(anonymous_3)
FN:12,bf
FN:43,(anonymous_5)
FN:44,(anonymous_6)
FN:49,(anonymous_7)
FN:53,(anonymous_8)
FN:57,(anonymous_9)
FN:61,(anonymous_10)
FNF:10
FNH:10
FNDA:1,(anonymous_1)
FNDA:1,(anonymous_2)
FNDA:5,(anonymous_3)
FNDA:5,bf
FNDA:1,(anonymous_5)
FNDA:1,(anonymous_6)
FNDA:1,(anonymous_7)
FNDA:1,(anonymous_8)
FNDA:1,(anonymous_9)
FNDA:1,(anonymous_10)
DA:1,1
DA:4,1
DA:5,1
DA:6,1
DA:7,1
DA:9,1
DA:10,5
DA:12,1
DA:13,5
DA:40,5
DA:43,1
DA:44,1
DA:45,1
DA:46,1
DA:49,1
DA:50,1
DA:53,1
DA:54,1
DA:57,1
DA:58,1
DA:61,1
DA:62,1
LF:22
LH:22
BRF:0
BRH:0
end_of_record
TN:
SF:./dashboard/DashboardCtrl.js
FN:1,(anonymous_1)
FN:6,(anonymous_2)
FNF:2
FNH:1
FNDA:1,(anonymous_1)
FNDA:0,(anonymous_2)
DA:1,1
DA:4,1
DA:7,0
LF:3
LH:2
BRF:0
BRH:0
end_of_record
TN:
SF:./dashboard/config.route.js
FN:1,(anonymous_1)
FN:6,(anonymous_2)
FN:14,Run
FNF:3
FNH:3
FNDA:1,(anonymous_1)
FNDA:6,(anonymous_2)
FNDA:6,Run
DA:1,1
DA:4,1
DA:6,1
DA:7,6
DA:14,1
DA:15,6
LF:6
LH:6
BRF:0
BRH:0
end_of_record
